Unity3DProject/Temp/gradleOut/launcher/build/intermediates/manifest_merge_blame_file/release/manifest-merger-blame-release-report.txt
1<?xml version="1.0" encoding="utf-8"?>
2<!-- GENERATED BY UNITY. REMOVE THIS COMMENT TO PREVENT OVERWRITING WHEN EXPORTING AGAIN -->
3<manifest xmlns:android="http://schemas.android.com/apk/res/android"
4    package="com.Engineria.BackgroundService"
5    android:installLocation="preferExternal"
6    android:versionCode="1"
7    android:versionName="1.1" >
8
9    <uses-sdk
10        android:minSdkVersion="26"
10-->src/main/AndroidManifest.xml
11        android:targetSdkVersion="31" />
11-->src/main/AndroidManifest.xml
12
13    <supports-screens
13-->src/main/AndroidManifest.xml:4:3-163
14        android:anyDensity="true"
14-->src/main/AndroidManifest.xml:4:135-160
15        android:largeScreens="true"
15-->src/main/AndroidManifest.xml:4:78-105
16        android:normalScreens="true"
16-->src/main/AndroidManifest.xml:4:49-77
17        android:smallScreens="true"
17-->src/main/AndroidManifest.xml:4:21-48
18        android:xlargeScreens="true" />
18-->src/main/AndroidManifest.xml:4:106-134
19
20    <uses-feature android:glEsVersion="0x00030000" />
20-->[:unityLibrary] AndroidManifest.xml:13:5-54
20-->[:unityLibrary] AndroidManifest.xml:13:19-51
21    <uses-feature
21-->[:unityLibrary] AndroidManifest.xml:14:5-16:36
22        android:name="android.hardware.vulkan.version"
22-->[:unityLibrary] AndroidManifest.xml:15:9-55
23        android:required="false" />
23-->[:unityLibrary] AndroidManifest.xml:16:9-33
24    <uses-feature
24-->[:unityLibrary] AndroidManifest.xml:17:5-19:36
25        android:name="android.hardware.touchscreen"
25-->[:unityLibrary] AndroidManifest.xml:18:9-52
26        android:required="false" />
26-->[:unityLibrary] AndroidManifest.xml:19:9-33
27    <uses-feature
27-->[:unityLibrary] AndroidManifest.xml:20:5-22:36
28        android:name="android.hardware.touchscreen.multitouch"
28-->[:unityLibrary] AndroidManifest.xml:21:9-63
29        android:required="false" />
29-->[:unityLibrary] AndroidManifest.xml:22:9-33
30    <uses-feature
30-->[:unityLibrary] AndroidManifest.xml:23:5-25:36
31        android:name="android.hardware.touchscreen.multitouch.distinct"
31-->[:unityLibrary] AndroidManifest.xml:24:9-72
32        android:required="false" />
32-->[:unityLibrary] AndroidManifest.xml:25:9-33
33
34    <uses-permission android:name="android.permission.FOREGROUND_SERVICE" />
34-->[:app-debug:] AndroidManifest.xml:11:5-77
34-->[:app-debug:] AndroidManifest.xml:11:22-74
35    <uses-permission android:name="android.permission.ACTIVITY_RECOGNITION" />
35-->[:app-debug:] AndroidManifest.xml:12:5-79
35-->[:app-debug:] AndroidManifest.xml:12:22-76
36    <uses-permission android:name="android.permission.READ_PHONE_STATE" />
36-->[:app-debug:] AndroidManifest.xml:13:5-75
36-->[:app-debug:] AndroidManifest.xml:13:22-72
37    <uses-permission android:name="android.permission.REQUEST_IGNORE_BATTERY_OPTIMIZATIONS" />
37-->[:app-debug:] AndroidManifest.xml:14:5-95
37-->[:app-debug:] AndroidManifest.xml:14:22-92
38    <uses-permission android:name="android.permission.RECEIVE_BOOT_COMPLETED" />
38-->[:app-debug:] AndroidManifest.xml:15:5-81
38-->[:app-debug:] AndroidManifest.xml:15:22-78
39
40    <application
40-->src/main/AndroidManifest.xml:5:3-116
41        android:name="com.kdg.toast.plugin.Bridge"
41-->[:app-debug:] AndroidManifest.xml:18:9-51
42        android:appComponentFactory="androidx.core.app.CoreComponentFactory"
42-->[:app-debug:] AndroidManifest.xml:19:9-77
43        android:extractNativeLibs="true"
43-->src/main/AndroidManifest.xml:5:16-48
44        android:icon="@mipmap/app_icon"
44-->src/main/AndroidManifest.xml:5:82-113
45        android:label="@string/app_name" >
45-->src/main/AndroidManifest.xml:5:49-81
46        <activity
46-->[:unityLibrary] AndroidManifest.xml:28:9-49:20
47            android:name="com.unity3d.player.UnityPlayerActivity"
47-->[:unityLibrary] AndroidManifest.xml:29:13-66
48            android:configChanges="mcc|mnc|locale|touchscreen|keyboard|keyboardHidden|navigation|orientation|screenLayout|uiMode|screenSize|smallestScreenSize|fontScale|layoutDirection|density"
48-->[:unityLibrary] AndroidManifest.xml:30:13-194
49            android:exported="true"
49-->[:unityLibrary] AndroidManifest.xml:31:13-36
50            android:hardwareAccelerated="false"
50-->[:unityLibrary] AndroidManifest.xml:32:13-48
51            android:launchMode="singleTask"
51-->[:unityLibrary] AndroidManifest.xml:33:13-44
52            android:resizeableActivity="false"
52-->[:unityLibrary] AndroidManifest.xml:34:13-47
53            android:screenOrientation="portrait"
53-->[:unityLibrary] AndroidManifest.xml:35:13-49
54            android:theme="@style/UnityThemeSelector" >
54-->[:unityLibrary] AndroidManifest.xml:36:13-54
55            <intent-filter>
55-->[:unityLibrary] AndroidManifest.xml:37:13-41:29
56                <action android:name="android.intent.action.MAIN" />
56-->[:unityLibrary] AndroidManifest.xml:38:17-69
56-->[:unityLibrary] AndroidManifest.xml:38:25-66
57
58                <category android:name="android.intent.category.LAUNCHER" />
58-->[:unityLibrary] AndroidManifest.xml:40:17-77
58-->[:unityLibrary] AndroidManifest.xml:40:27-74
59            </intent-filter>
60
61            <meta-data
61-->[:unityLibrary] AndroidManifest.xml:43:13-45:40
62                android:name="unityplayer.UnityActivity"
62-->[:unityLibrary] AndroidManifest.xml:44:17-57
63                android:value="true" />
63-->[:unityLibrary] AndroidManifest.xml:45:17-37
64            <meta-data
64-->[:unityLibrary] AndroidManifest.xml:46:13-48:40
65                android:name="android.notch_support"
65-->[:unityLibrary] AndroidManifest.xml:47:17-53
66                android:value="true" />
66-->[:unityLibrary] AndroidManifest.xml:48:17-37
67        </activity>
68
69        <meta-data
69-->[:unityLibrary] AndroidManifest.xml:51:9-53:33
70            android:name="unity.splash-mode"
70-->[:unityLibrary] AndroidManifest.xml:52:13-45
71            android:value="0" />
71-->[:unityLibrary] AndroidManifest.xml:53:13-30
72        <meta-data
72-->[:unityLibrary] AndroidManifest.xml:54:9-56:36
73            android:name="unity.splash-enable"
73-->[:unityLibrary] AndroidManifest.xml:55:13-47
74            android:value="True" />
74-->[:unityLibrary] AndroidManifest.xml:56:13-33
75        <meta-data
75-->[:unityLibrary] AndroidManifest.xml:57:9-59:37
76            android:name="unity.allow-resizable-window"
76-->[:unityLibrary] AndroidManifest.xml:58:13-56
77            android:value="False" />
77-->[:unityLibrary] AndroidManifest.xml:59:13-34
78        <meta-data
78-->[:unityLibrary] AndroidManifest.xml:60:9-62:50
79            android:name="notch.config"
79-->[:unityLibrary] AndroidManifest.xml:61:13-40
80            android:value="portrait|landscape" />
80-->[:unityLibrary] AndroidManifest.xml:62:13-47
81        <meta-data
81-->[:unityLibrary] AndroidManifest.xml:63:9-65:68
82            android:name="unity.build-id"
82-->[:unityLibrary] AndroidManifest.xml:64:13-42
83            android:value="35845452-fba1-425c-b5dd-26b4ed110585" />
83-->[:unityLibrary] AndroidManifest.xml:65:13-65
84
85        <receiver
85-->[:app-debug:] AndroidManifest.xml:20:9-27:20
86            android:name="com.kdg.toast.plugin.autostart"
86-->[:app-debug:] AndroidManifest.xml:21:13-58
87            android:enabled="true" >
87-->[:app-debug:] AndroidManifest.xml:22:13-35
88            android:permission="android.permission.RECEIVE_BOOT_COMPLETED">
89            <intent-filter>
89-->[:app-debug:] AndroidManifest.xml:24:13-26:29
90                <action android:name="android.intent.action.BOOT_COMPLETED" />
90-->[:app-debug:] AndroidManifest.xml:25:17-79
90-->[:app-debug:] AndroidManifest.xml:25:25-76
91            </intent-filter>
92        </receiver>
93
94        <service
94-->[:app-debug:] AndroidManifest.xml:29:9-33:46
95            android:name="com.kdg.toast.plugin.PedometerService"
95-->[:app-debug:] AndroidManifest.xml:30:13-65
96            android:enabled="true"
96-->[:app-debug:] AndroidManifest.xml:31:13-35
97            android:exported="true"
97-->[:app-debug:] AndroidManifest.xml:32:13-36
98            android:launchMode="singleTop" />
98-->[:app-debug:] AndroidManifest.xml:33:13-43
99    </application>
100
101</manifest>